[Mon, 09 Apr 18 00:55:14 +0700][ERROR] [2]: EditController handler class cannot be loaded

[Mon, 09 Apr 18 00:57:33 +0700][ERROR] [2]: EditController handler class cannot be loaded

[Mon, 09 Apr 18 00:57:39 +0700][ERROR] [2]: EditController handler class cannot be loaded

[Mon, 09 Apr 18 00:57:59 +0700][ERROR] [2]: EditController handler class cannot be loaded

[Mon, 09 Apr 18 00:58:31 +0700][ERROR] [2]: EditController handler class cannot be loaded

[Mon, 09 Apr 18 01:13:01 +0700][ERROR] [2]: ImgController handler class cannot be loaded

[Mon, 09 Apr 18 01:13:26 +0700][ERROR] [2]: ImgController handler class cannot be loaded

[Mon, 09 Apr 18 01:13:28 +0700][ERROR] [2]: ImgController handler class cannot be loaded

[Mon, 09 Apr 18 01:34:23 +0700][ERROR] [2]: VendorController handler class cannot be loaded

[Mon, 09 Apr 18 01:34:41 +0700][ERROR] [2]: VendorController handler class cannot be loaded

[Mon, 09 Apr 18 01:37:47 +0700][ERROR] [2]: VendorController handler class cannot be loaded

[Mon, 09 Apr 18 01:37:47 +0700][ERROR] [2]: VendorController handler class cannot be loaded

[Mon, 09 Apr 18 01:38:03 +0700][ERROR] [2]: VendorController handler class cannot be loaded

[Mon, 09 Apr 18 01:38:57 +0700][ERROR] [2]: JsController handler class cannot be loaded

[Mon, 09 Apr 18 01:38:57 +0700][ERROR] [2]: JsController handler class cannot be loaded

[Mon, 09 Apr 18 01:42:14 +0700][ERROR] [2]: VendorController handler class cannot be loaded

[Mon, 09 Apr 18 01:42:14 +0700][ERROR] [2]: VendorController handler class cannot be loaded

[Mon, 09 Apr 18 01:42:15 +0700][ERROR] [2]: VendorController handler class cannot be loaded

[Mon, 09 Apr 18 01:42:15 +0700][ERROR] [2]: VendorController handler class cannot be loaded

[Mon, 09 Apr 18 01:42:17 +0700][ERROR] [2]: VendorController handler class cannot be loaded

[Mon, 09 Apr 18 01:42:17 +0700][ERROR] [2]: VendorController handler class cannot be loaded

[Mon, 09 Apr 18 10:01:59 +0700][ERROR] [2]: CssController handler class cannot be loaded

[Mon, 09 Apr 18 10:02:00 +0700][ERROR] [2]: JsController handler class cannot be loaded

[Mon, 09 Apr 18 10:02:00 +0700][ERROR] [2]: CssController handler class cannot be loaded

[Mon, 09 Apr 18 10:02:47 +0700][ERROR] [2]: CssController handler class cannot be loaded

[Mon, 09 Apr 18 10:02:47 +0700][ERROR] [2]: CssController handler class cannot be loaded

[Mon, 09 Apr 18 10:02:55 +0700][ERROR] [2]: CssController handler class cannot be loaded

[Mon, 09 Apr 18 10:02:55 +0700][ERROR] [2]: CssController handler class cannot be loaded

[Mon, 09 Apr 18 10:06:14 +0700][ERROR] [2]: CssController handler class cannot be loaded

[Mon, 09 Apr 18 10:06:15 +0700][ERROR] [2]: CssController handler class cannot be loaded

[Mon, 09 Apr 18 10:06:16 +0700][ERROR] [2]: CssController handler class cannot be loaded

[Mon, 09 Apr 18 10:06:22 +0700][ERROR] [2]: CssController handler class cannot be loaded

[Mon, 09 Apr 18 10:06:27 +0700][ERROR] [2]: CssController handler class cannot be loaded

[Mon, 09 Apr 18 10:10:55 +0700][ERROR] [2]: CssController handler class cannot be loaded

[Mon, 09 Apr 18 10:11:18 +0700][ERROR] [2]: CssController handler class cannot be loaded

[Mon, 09 Apr 18 10:11:18 +0700][ERROR] [2]: CssController handler class cannot be loaded

[Mon, 09 Apr 18 10:12:41 +0700][ERROR] [2]: CssController handler class cannot be loaded

[Mon, 09 Apr 18 10:14:51 +0700][ERROR] [2]: CssController handler class cannot be loaded

[Mon, 09 Apr 18 10:14:51 +0700][ERROR] [2]: CssController handler class cannot be loaded

[Mon, 09 Apr 18 10:15:49 +0700][ERROR] [2]: CssController handler class cannot be loaded

[Mon, 09 Apr 18 10:15:50 +0700][ERROR] [2]: CssController handler class cannot be loaded

[Mon, 09 Apr 18 10:15:50 +0700][ERROR] [2]: CssController handler class cannot be loaded

[Mon, 09 Apr 18 10:15:50 +0700][ERROR] [2]: CssController handler class cannot be loaded

[Mon, 09 Apr 18 10:15:50 +0700][ERROR] [2]: CssController handler class cannot be loaded

[Mon, 09 Apr 18 10:15:53 +0700][ERROR] [2]: CssController handler class cannot be loaded

[Mon, 09 Apr 18 10:16:07 +0700][ERROR] [2]: CssController handler class cannot be loaded

[Mon, 09 Apr 18 10:16:07 +0700][ERROR] [2]: CssController handler class cannot be loaded

[Mon, 09 Apr 18 10:55:35 +0700][ERROR] [2]: ImgController handler class cannot be loaded

[Mon, 09 Apr 18 10:55:45 +0700][ERROR] [2]: ImgController handler class cannot be loaded

[Mon, 09 Apr 18 13:16:24 +0700][ERROR] [2]: ImgController handler class cannot be loaded

[Mon, 09 Apr 18 13:16:26 +0700][ERROR] [2]: ImgController handler class cannot be loaded

[Mon, 09 Apr 18 13:16:30 +0700][ERROR] [2]: ImgController handler class cannot be loaded

[Mon, 09 Apr 18 13:17:26 +0700][ERROR] [2]: ImgController handler class cannot be loaded

[Mon, 09 Apr 18 13:17:49 +0700][ERROR] [2]: ImgController handler class cannot be loaded

[Mon, 09 Apr 18 13:19:10 +0700][ERROR] [2]: ImgController handler class cannot be loaded

[Mon, 09 Apr 18 13:19:12 +0700][ERROR] [2]: ImgController handler class cannot be loaded

[Mon, 09 Apr 18 13:57:50 +0700][ERROR] [2]: ImgController handler class cannot be loaded

[Mon, 09 Apr 18 14:18:08 +0700][ERROR] [5]: Action 'authen' was not found on handler 'event'

[Mon, 09 Apr 18 14:18:09 +0700][ERROR] [5]: Action 'authen' was not found on handler 'event'

[Mon, 09 Apr 18 14:18:10 +0700][ERROR] [5]: Action 'authen' was not found on handler 'event'

[Mon, 09 Apr 18 14:18:11 +0700][ERROR] [5]: Action 'authen' was not found on handler 'event'

[Mon, 09 Apr 18 14:19:05 +0700][ERROR] [5]: Action 'authen' was not found on handler 'event'

[Mon, 09 Apr 18 14:19:12 +0700][ERROR] [5]: Action 'authen' was not found on handler 'event'

[Mon, 09 Apr 18 14:19:31 +0700][ERROR] [2]: ImgController handler class cannot be loaded

[Mon, 09 Apr 18 14:20:46 +0700][ERROR] [5]: Action 'authen' was not found on handler 'event'

[Mon, 09 Apr 18 14:30:48 +0700][ERROR] [5]: Action 'authen' was not found on handler 'event'

[Mon, 09 Apr 18 14:38:32 +0700][ERROR] [2]: ImgController handler class cannot be loaded

